<?xml version="1.0" encoding="UTF-8" ?>
<testsuite errors="0" failures="0" hostname="Kirbiths-MacBook-Pro.local" name="sge.modelos.dao.ConfiguracionPreciosDAOTest" skipped="0" tests="1" time="0.398" timestamp="2023-06-05T14:21:17">
  <properties>
[...]
</properties>
  <testcase classname="sge.modelos.dao.ConfiguracionPreciosDAOTest" name="testObtenerUltimaConfiguracionPrecios" time="0.332" />
  <system-out><![CDATA[obtenerUltimaConfiguracionPrecios
]]></system-out>
  <system-err><![CDATA[]]></system-err>
</testsuite>
